<?xml version="1.0" encoding="UTF-8"?>
<!-- Generated by org.testng.reporters.JUnitXMLReporter -->
<testsuite hostname="User-PC" ignored="1" name="Test" tests="1" failures="0" timestamp="06 Mar 2018 13:16:19 GMT" time="33.305" errors="0">
  <testcase name="method2" time="0.76" classname="HomePage.primusBankScreenShorts.HomePage"/>
  <testcase name="links" time="0.0" classname="HomePage.primusBankScreenShorts.HomePage">
    <ignored/>
  </testcase> <!-- links -->
</testsuite> <!-- Test -->
