<?xml version="1.0" encoding="UTF-8"?>
<testng-results skipped="0" failed="0" ignored="0" total="1" passed="1">
  <reporter-output>
  </reporter-output>
  <suite name="Default suite" duration-ms="24026" started-at="2018-03-01T13:13:46Z" finished-at="2018-03-01T13:14:10Z">
    <groups>
    </groups>
    <test name="Default test" duration-ms="24026" started-at="2018-03-01T13:13:46Z" finished-at="2018-03-01T13:14:10Z">
      <class name="HomePage.primusbank2.ruf">
        <test-method status="PASS" signature="testOne()[pri:0, instance:HomePage.primusbank2.ruf@26be92ad]" name="testOne" duration-ms="23897" started-at="2018-03-01T13:13:46Z" finished-at="2018-03-01T13:14:10Z">
          <reporter-output>
          </reporter-output>
        </test-method> <!-- testOne -->
      </class> <!-- HomePage.primusbank2.ruf -->
    </test> <!-- Default test -->
  </suite> <!-- Default suite -->
</testng-results>
