<?xml version="1.0" encoding="UTF-8"?>
<testng-results skipped="0" failed="0" ignored="1" total="2" passed="1">
  <reporter-output>
  </reporter-output>
  <suite name="Suite" duration-ms="33305" started-at="2018-03-06T13:15:46Z" finished-at="2018-03-06T13:16:19Z">
    <groups>
      <group name="two">
        <method signature="HomePage.method2()[pri:1, instance:HomePage.primusBankScreenShorts.HomePage@68c4039c]" name="method2" class="HomePage.primusBankScreenShorts.HomePage"/>
      </group> <!-- two -->
    </groups>
    <test name="Test" duration-ms="33305" started-at="2018-03-06T13:15:46Z" finished-at="2018-03-06T13:16:19Z">
      <class name="HomePage.primusBankScreenShorts.HomePage">
        <test-method status="PASS" signature="beforeTest()[pri:0, instance:HomePage.primusBankScreenShorts.HomePage@68c4039c]" name="beforeTest" is-config="true" duration-ms="26488" started-at="2018-03-06T18:45:46Z" finished-at="2018-03-06T18:46:12Z">
          <reporter-output>
          </reporter-output>
        </test-method> <!-- beforeTest -->
        <test-method status="PASS" signature="method2()[pri:1, instance:HomePage.primusBankScreenShorts.HomePage@68c4039c]" name="method2" duration-ms="760" started-at="2018-03-06T18:46:12Z" finished-at="2018-03-06T18:46:13Z">
          <reporter-output>
          </reporter-output>
        </test-method> <!-- method2 -->
        <test-method status="PASS" signature="afterTest()[pri:0, instance:HomePage.primusBankScreenShorts.HomePage@68c4039c]" name="afterTest" is-config="true" duration-ms="5955" started-at="2018-03-06T18:46:13Z" finished-at="2018-03-06T18:46:19Z">
          <reporter-output>
          </reporter-output>
        </test-method> <!-- afterTest -->
      </class> <!-- HomePage.primusBankScreenShorts.HomePage -->
    </test> <!-- Test -->
  </suite> <!-- Suite -->
</testng-results>
