<?xml version="1.0" encoding="UTF-8"?>
<!-- Generated by org.testng.reporters.JUnitXMLReporter -->
<testsuite hostname="User-PC" ignored="1" name="Default test" tests="1" failures="0" timestamp="06 Mar 2018 13:13:55 GMT" time="44.767" errors="0">
  <testcase name="method2" time="7.237" classname="HomePage.primusBankScreenShorts.HomePage"/>
  <testcase name="links" time="0.0" classname="HomePage.primusBankScreenShorts.HomePage">
    <ignored/>
  </testcase> <!-- links -->
</testsuite> <!-- Default test -->
